  [1m[35m (0.4ms)[0m  [1m[35mSET  @@SESSION.sql_mode = CONCAT(CONCAT(@@sql_mode, ',STRICT_ALL_TABLES'), ',NO_AUTO_VALUE_ON_ZERO'),  @@SESSION.sql_auto_is_null = 0, @@SESSION.wait_timeout = 2147483[0m
  ↳ bin/rails:9
  [1m[35m (242.3ms)[0m  [1m[35mCREATE TABLE `schema_migrations` (`version` varchar(255) COLLATE utf8_general_ci NOT NULL PRIMARY KEY)[0m
  ↳ bin/rails:9
  [1m[35m (206.2ms)[0m  [1m[35mCREATE TABLE `ar_internal_metadata` (`key` varchar(255) COLLATE utf8_general_ci NOT NULL PRIMARY KEY, `value` varchar(255), `created_at` datetime NOT NULL, `updated_at` datetime NOT NULL)[0m
  ↳ bin/rails:9
  [1m[35m (0.4ms)[0m  [1m[34mSELECT GET_LOCK('6208616017581808005', 0)[0m
  ↳ bin/rails:9
  [1m[35m (0.8ms)[0m  [1m[34mSELECT `schema_migrations`.`version` FROM `schema_migrations` ORDER BY `schema_migrations`.`version` ASC[0m
  ↳ bin/rails:9
Migrating to CreatePosts (20200325174729)
  [1m[35m (235.4ms)[0m  [1m[35mCREATE TABLE `posts` (`id` bigint NOT NULL AUTO_INCREMENT PRIMARY KEY, `title` varchar(255) NOT NULL, `content` text NOT NULL, `created_at` datetime NOT NULL, `updated_at` datetime NOT NULL, UNIQUE INDEX `index_posts_on_title`  (`title`))[0m
  ↳ db/migrate/20200325174729_create_posts.rb:3
  [1m[35m (0.4ms)[0m  [1m[35mBEGIN[0m
  ↳ bin/rails:9
  [1m[36mActiveRecord::SchemaMigration Create (1.1ms)[0m  [1m[32mINSERT INTO `schema_migrations` (`version`) VALUES ('20200325174729')[0m
  ↳ bin/rails:9
  [1m[35m (45.6ms)[0m  [1m[35mCOMMIT[0m
  ↳ bin/rails:9
Migrating to CreateComments (20200325174751)
  [1m[35m (254.4ms)[0m  [1m[35mCREATE TABLE `comments` (`id` bigint NOT NULL AUTO_INCREMENT PRIMARY KEY, `content` varchar(255) NOT NULL, `created_at` datetime NOT NULL, `updated_at` datetime NOT NULL)[0m
  ↳ db/migrate/20200325174751_create_comments.rb:3
  [1m[35m (0.4ms)[0m  [1m[35mBEGIN[0m
  ↳ bin/rails:9
  [1m[36mActiveRecord::SchemaMigration Create (0.7ms)[0m  [1m[32mINSERT INTO `schema_migrations` (`version`) VALUES ('20200325174751')[0m
  ↳ bin/rails:9
  [1m[35m (85.3ms)[0m  [1m[35mCOMMIT[0m
  ↳ bin/rails:9
Migrating to CreateUsers (20200325174819)
  [1m[35m (276.7ms)[0m  [1m[35mCREATE TABLE `users` (`id` bigint NOT NULL AUTO_INCREMENT PRIMARY KEY, `created_at` datetime NOT NULL, `updated_at` datetime NOT NULL)[0m
  ↳ db/migrate/20200325174819_create_users.rb:3
  [1m[35m (0.6ms)[0m  [1m[35mBEGIN[0m
  ↳ bin/rails:9
  [1m[36mActiveRecord::SchemaMigration Create (1.1ms)[0m  [1m[32mINSERT INTO `schema_migrations` (`version`) VALUES ('20200325174819')[0m
  ↳ bin/rails:9
  [1m[35m (38.0ms)[0m  [1m[35mCOMMIT[0m
  ↳ bin/rails:9
  [1m[36mActiveRecord::InternalMetadata Load (1.2ms)[0m  [1m[34mSELECT  `ar_internal_metadata`.* FROM `ar_internal_metadata` WHERE `ar_internal_metadata`.`key` = 'environment' LIMIT 1[0m
  ↳ bin/rails:9
  [1m[35m (0.3ms)[0m  [1m[35mBEGIN[0m
  ↳ bin/rails:9
  [1m[36mActiveRecord::InternalMetadata Create (23.6ms)[0m  [1m[32mINSERT INTO `ar_internal_metadata` (`key`, `value`, `created_at`, `updated_at`) VALUES ('environment', 'development', '2020-03-25 18:10:34', '2020-03-25 18:10:34')[0m
  ↳ bin/rails:9
  [1m[35m (41.2ms)[0m  [1m[35mCOMMIT[0m
  ↳ bin/rails:9
  [1m[35m (0.5ms)[0m  [1m[34mSELECT RELEASE_LOCK('6208616017581808005')[0m
  ↳ bin/rails:9
  [1m[35m (0.9ms)[0m  [1m[34mSELECT `schema_migrations`.`version` FROM `schema_migrations` ORDER BY `schema_migrations`.`version` ASC[0m
  ↳ bin/rails:9
  [1m[35m (0.3ms)[0m  [1m[35mSET  @@SESSION.sql_mode = CONCAT(CONCAT(@@sql_mode, ',STRICT_ALL_TABLES'), ',NO_AUTO_VALUE_ON_ZERO'),  @@SESSION.sql_auto_is_null = 0, @@SESSION.wait_timeout = 2147483[0m
  ↳ /home/noura/.rvm/gems/ruby-2.6.3/bin/rake:23
  [1m[35m (0.5ms)[0m  [1m[34mSELECT `schema_migrations`.`version` FROM `schema_migrations` ORDER BY `schema_migrations`.`version` ASC[0m
  ↳ /home/noura/.rvm/gems/ruby-2.6.3/bin/rake:23
  [1m[35m (0.5ms)[0m  [1m[34mSELECT `schema_migrations`.`version` FROM `schema_migrations` ORDER BY `schema_migrations`.`version` ASC[0m
  ↳ /home/noura/.rvm/gems/ruby-2.6.3/bin/rake:23
  [1m[35m (0.4ms)[0m  [1m[34mSELECT `schema_migrations`.`version` FROM `schema_migrations` ORDER BY `schema_migrations`.`version` ASC[0m
  ↳ /home/noura/.rvm/gems/ruby-2.6.3/bin/rake:23
  [1m[35m (0.2ms)[0m  [1m[34mSELECT GET_LOCK('6208616017581808005', 0)[0m
  ↳ /home/noura/.rvm/gems/ruby-2.6.3/bin/rake:23
  [1m[35m (0.3ms)[0m  [1m[34mSELECT `schema_migrations`.`version` FROM `schema_migrations` ORDER BY `schema_migrations`.`version` ASC[0m
  ↳ /home/noura/.rvm/gems/ruby-2.6.3/bin/rake:23
Migrating to CreateUsers (20200325174819)
  [1m[35m (203.8ms)[0m  [1m[35mDROP TABLE `users`[0m
  ↳ /home/noura/.rvm/gems/ruby-2.6.3/bin/rake:23
  [1m[36mActiveRecord::SchemaMigration Destroy (54.9ms)[0m  [1m[31mDELETE FROM `schema_migrations` WHERE `schema_migrations`.`version` = '20200325174819'[0m
  ↳ /home/noura/.rvm/gems/ruby-2.6.3/bin/rake:23
  [1m[35m (0.3ms)[0m  [1m[34mSELECT RELEASE_LOCK('6208616017581808005')[0m
  ↳ /home/noura/.rvm/gems/ruby-2.6.3/bin/rake:23
  [1m[35m (0.5ms)[0m  [1m[34mSELECT `schema_migrations`.`version` FROM `schema_migrations` ORDER BY `schema_migrations`.`version` ASC[0m
  ↳ /home/noura/.rvm/gems/ruby-2.6.3/bin/rake:23
  [1m[35m (0.3ms)[0m  [1m[35mSET  @@SESSION.sql_mode = CONCAT(CONCAT(@@sql_mode, ',STRICT_ALL_TABLES'), ',NO_AUTO_VALUE_ON_ZERO'),  @@SESSION.sql_auto_is_null = 0, @@SESSION.wait_timeout = 2147483[0m
  ↳ /home/noura/.rvm/gems/ruby-2.6.3/bin/rake:23
  [1m[35m (0.4ms)[0m  [1m[34mSELECT `schema_migrations`.`version` FROM `schema_migrations` ORDER BY `schema_migrations`.`version` ASC[0m
  ↳ /home/noura/.rvm/gems/ruby-2.6.3/bin/rake:23
  [1m[35m (0.4ms)[0m  [1m[34mSELECT `schema_migrations`.`version` FROM `schema_migrations` ORDER BY `schema_migrations`.`version` ASC[0m
  ↳ /home/noura/.rvm/gems/ruby-2.6.3/bin/rake:23
  [1m[35m (0.3ms)[0m  [1m[34mSELECT `schema_migrations`.`version` FROM `schema_migrations` ORDER BY `schema_migrations`.`version` ASC[0m
  ↳ /home/noura/.rvm/gems/ruby-2.6.3/bin/rake:23
  [1m[35m (0.1ms)[0m  [1m[34mSELECT GET_LOCK('6208616017581808005', 0)[0m
  ↳ /home/noura/.rvm/gems/ruby-2.6.3/bin/rake:23
  [1m[35m (0.3ms)[0m  [1m[34mSELECT `schema_migrations`.`version` FROM `schema_migrations` ORDER BY `schema_migrations`.`version` ASC[0m
  ↳ /home/noura/.rvm/gems/ruby-2.6.3/bin/rake:23
Migrating to CreateComments (20200325174751)
  [1m[35m (193.6ms)[0m  [1m[35mDROP TABLE `comments`[0m
  ↳ /home/noura/.rvm/gems/ruby-2.6.3/bin/rake:23
  [1m[36mActiveRecord::SchemaMigration Destroy (44.1ms)[0m  [1m[31mDELETE FROM `schema_migrations` WHERE `schema_migrations`.`version` = '20200325174751'[0m
  ↳ /home/noura/.rvm/gems/ruby-2.6.3/bin/rake:23
  [1m[35m (0.7ms)[0m  [1m[34mSELECT RELEASE_LOCK('6208616017581808005')[0m
  ↳ /home/noura/.rvm/gems/ruby-2.6.3/bin/rake:23
  [1m[35m (1.0ms)[0m  [1m[34mSELECT `schema_migrations`.`version` FROM `schema_migrations` ORDER BY `schema_migrations`.`version` ASC[0m
  ↳ /home/noura/.rvm/gems/ruby-2.6.3/bin/rake:23
  [1m[35m (0.3ms)[0m  [1m[35mSET  @@SESSION.sql_mode = CONCAT(CONCAT(@@sql_mode, ',STRICT_ALL_TABLES'), ',NO_AUTO_VALUE_ON_ZERO'),  @@SESSION.sql_auto_is_null = 0, @@SESSION.wait_timeout = 2147483[0m
  ↳ /home/noura/.rvm/gems/ruby-2.6.3/bin/rake:23
  [1m[35m (0.4ms)[0m  [1m[34mSELECT `schema_migrations`.`version` FROM `schema_migrations` ORDER BY `schema_migrations`.`version` ASC[0m
  ↳ /home/noura/.rvm/gems/ruby-2.6.3/bin/rake:23
  [1m[35m (0.3ms)[0m  [1m[34mSELECT `schema_migrations`.`version` FROM `schema_migrations` ORDER BY `schema_migrations`.`version` ASC[0m
  ↳ /home/noura/.rvm/gems/ruby-2.6.3/bin/rake:23
  [1m[35m (0.3ms)[0m  [1m[34mSELECT `schema_migrations`.`version` FROM `schema_migrations` ORDER BY `schema_migrations`.`version` ASC[0m
  ↳ /home/noura/.rvm/gems/ruby-2.6.3/bin/rake:23
  [1m[35m (0.1ms)[0m  [1m[34mSELECT GET_LOCK('6208616017581808005', 0)[0m
  ↳ /home/noura/.rvm/gems/ruby-2.6.3/bin/rake:23
  [1m[35m (0.3ms)[0m  [1m[34mSELECT `schema_migrations`.`version` FROM `schema_migrations` ORDER BY `schema_migrations`.`version` ASC[0m
  ↳ /home/noura/.rvm/gems/ruby-2.6.3/bin/rake:23
Migrating to CreatePosts (20200325174729)
  [1m[35m (216.4ms)[0m  [1m[35mDROP TABLE `posts`[0m
  ↳ /home/noura/.rvm/gems/ruby-2.6.3/bin/rake:23
  [1m[36mActiveRecord::SchemaMigration Destroy (32.7ms)[0m  [1m[31mDELETE FROM `schema_migrations` WHERE `schema_migrations`.`version` = '20200325174729'[0m
  ↳ /home/noura/.rvm/gems/ruby-2.6.3/bin/rake:23
  [1m[35m (0.3ms)[0m  [1m[34mSELECT RELEASE_LOCK('6208616017581808005')[0m
  ↳ /home/noura/.rvm/gems/ruby-2.6.3/bin/rake:23
  [1m[35m (0.3ms)[0m  [1m[34mSELECT `schema_migrations`.`version` FROM `schema_migrations` ORDER BY `schema_migrations`.`version` ASC[0m
  ↳ /home/noura/.rvm/gems/ruby-2.6.3/bin/rake:23
  [1m[35m (0.4ms)[0m  [1m[35mSET  @@SESSION.sql_mode = CONCAT(CONCAT(@@sql_mode, ',STRICT_ALL_TABLES'), ',NO_AUTO_VALUE_ON_ZERO'),  @@SESSION.sql_auto_is_null = 0, @@SESSION.wait_timeout = 2147483[0m
  ↳ /home/noura/.rvm/gems/ruby-2.6.3/bin/rake:23
  [1m[35m (0.3ms)[0m  [1m[34mSELECT `schema_migrations`.`version` FROM `schema_migrations` ORDER BY `schema_migrations`.`version` ASC[0m
  ↳ /home/noura/.rvm/gems/ruby-2.6.3/bin/rake:23
  [1m[35m (0.4ms)[0m  [1m[34mSELECT `schema_migrations`.`version` FROM `schema_migrations` ORDER BY `schema_migrations`.`version` ASC[0m
  ↳ /home/noura/.rvm/gems/ruby-2.6.3/bin/rake:23
  [1m[35m (0.1ms)[0m  [1m[34mSELECT GET_LOCK('6208616017581808005', 0)[0m
  ↳ /home/noura/.rvm/gems/ruby-2.6.3/bin/rake:23
  [1m[35m (0.3ms)[0m  [1m[34mSELECT `schema_migrations`.`version` FROM `schema_migrations` ORDER BY `schema_migrations`.`version` ASC[0m
  ↳ /home/noura/.rvm/gems/ruby-2.6.3/bin/rake:23
  [1m[35m (0.2ms)[0m  [1m[34mSELECT RELEASE_LOCK('6208616017581808005')[0m
  ↳ /home/noura/.rvm/gems/ruby-2.6.3/bin/rake:23
  [1m[35m (0.3ms)[0m  [1m[34mSELECT `schema_migrations`.`version` FROM `schema_migrations` ORDER BY `schema_migrations`.`version` ASC[0m
  ↳ /home/noura/.rvm/gems/ruby-2.6.3/bin/rake:23
  [1m[35m (0.4ms)[0m  [1m[35mSET  @@SESSION.sql_mode = CONCAT(CONCAT(@@sql_mode, ',STRICT_ALL_TABLES'), ',NO_AUTO_VALUE_ON_ZERO'),  @@SESSION.sql_auto_is_null = 0, @@SESSION.wait_timeout = 2147483[0m
  ↳ /home/noura/.rvm/gems/ruby-2.6.3/bin/rake:23
  [1m[35m (0.4ms)[0m  [1m[34mSELECT `schema_migrations`.`version` FROM `schema_migrations` ORDER BY `schema_migrations`.`version` ASC[0m
  ↳ /home/noura/.rvm/gems/ruby-2.6.3/bin/rake:23
  [1m[35m (0.3ms)[0m  [1m[34mSELECT `schema_migrations`.`version` FROM `schema_migrations` ORDER BY `schema_migrations`.`version` ASC[0m
  ↳ /home/noura/.rvm/gems/ruby-2.6.3/bin/rake:23
  [1m[35m (0.1ms)[0m  [1m[34mSELECT GET_LOCK('6208616017581808005', 0)[0m
  ↳ /home/noura/.rvm/gems/ruby-2.6.3/bin/rake:23
  [1m[35m (0.3ms)[0m  [1m[34mSELECT `schema_migrations`.`version` FROM `schema_migrations` ORDER BY `schema_migrations`.`version` ASC[0m
  ↳ /home/noura/.rvm/gems/ruby-2.6.3/bin/rake:23
  [1m[35m (0.2ms)[0m  [1m[34mSELECT RELEASE_LOCK('6208616017581808005')[0m
  ↳ /home/noura/.rvm/gems/ruby-2.6.3/bin/rake:23
  [1m[35m (0.3ms)[0m  [1m[34mSELECT `schema_migrations`.`version` FROM `schema_migrations` ORDER BY `schema_migrations`.`version` ASC[0m
  ↳ /home/noura/.rvm/gems/ruby-2.6.3/bin/rake:23
  [1m[35m (0.4ms)[0m  [1m[35mSET  @@SESSION.sql_mode = CONCAT(CONCAT(@@sql_mode, ',STRICT_ALL_TABLES'), ',NO_AUTO_VALUE_ON_ZERO'),  @@SESSION.sql_auto_is_null = 0, @@SESSION.wait_timeout = 2147483[0m
  ↳ bin/rails:9
  [1m[35m (0.2ms)[0m  [1m[34mSELECT GET_LOCK('6208616017581808005', 0)[0m
  ↳ bin/rails:9
  [1m[35m (0.4ms)[0m  [1m[34mSELECT `schema_migrations`.`version` FROM `schema_migrations` ORDER BY `schema_migrations`.`version` ASC[0m
  ↳ bin/rails:9
Migrating to CreatePosts (20200325174729)
  [1m[35m (284.1ms)[0m  [1m[35mCREATE TABLE `posts` (`id` bigint NOT NULL AUTO_INCREMENT PRIMARY KEY, `title` varchar(255) NOT NULL, `content` text NOT NULL, `created_at` datetime NOT NULL, `updated_at` datetime NOT NULL, UNIQUE INDEX `index_posts_on_title`  (`title`))[0m
  ↳ db/migrate/20200325174729_create_posts.rb:3
  [1m[35m (0.4ms)[0m  [1m[35mBEGIN[0m
  ↳ bin/rails:9
  [1m[36mActiveRecord::SchemaMigration Create (0.8ms)[0m  [1m[32mINSERT INTO `schema_migrations` (`version`) VALUES ('20200325174729')[0m
  ↳ bin/rails:9
  [1m[35m (43.0ms)[0m  [1m[35mCOMMIT[0m
  ↳ bin/rails:9
Migrating to CreateComments (20200325174751)
  [1m[35m (223.8ms)[0m  [1m[35mCREATE TABLE `comments` (`id` bigint NOT NULL AUTO_INCREMENT PRIMARY KEY, `content` varchar(255) NOT NULL, `created_at` datetime NOT NULL, `updated_at` datetime NOT NULL)[0m
  ↳ db/migrate/20200325174751_create_comments.rb:3
  [1m[35m (0.4ms)[0m  [1m[35mBEGIN[0m
  ↳ bin/rails:9
  [1m[36mActiveRecord::SchemaMigration Create (0.9ms)[0m  [1m[32mINSERT INTO `schema_migrations` (`version`) VALUES ('20200325174751')[0m
  ↳ bin/rails:9
  [1m[35m (61.8ms)[0m  [1m[35mCOMMIT[0m
  ↳ bin/rails:9
Migrating to CreateUsers (20200325174819)
  [1m[35m (244.1ms)[0m  [1m[35mCREATE TABLE `users` (`id` bigint NOT NULL AUTO_INCREMENT PRIMARY KEY, `name` varchar(255), `created_at` datetime NOT NULL, `updated_at` datetime NOT NULL)[0m
  ↳ db/migrate/20200325174819_create_users.rb:3
  [1m[35m (0.4ms)[0m  [1m[35mBEGIN[0m
  ↳ bin/rails:9
  [1m[36mActiveRecord::SchemaMigration Create (0.9ms)[0m  [1m[32mINSERT INTO `schema_migrations` (`version`) VALUES ('20200325174819')[0m
  ↳ bin/rails:9
  [1m[35m (39.8ms)[0m  [1m[35mCOMMIT[0m
  ↳ bin/rails:9
  [1m[36mActiveRecord::InternalMetadata Load (1.4ms)[0m  [1m[34mSELECT  `ar_internal_metadata`.* FROM `ar_internal_metadata` WHERE `ar_internal_metadata`.`key` = 'environment' LIMIT 1[0m
  ↳ bin/rails:9
  [1m[35m (0.5ms)[0m  [1m[35mBEGIN[0m
  ↳ bin/rails:9
  [1m[35m (0.3ms)[0m  [1m[35mCOMMIT[0m
  ↳ bin/rails:9
  [1m[35m (0.4ms)[0m  [1m[34mSELECT RELEASE_LOCK('6208616017581808005')[0m
  ↳ bin/rails:9
  [1m[35m (0.7ms)[0m  [1m[34mSELECT `schema_migrations`.`version` FROM `schema_migrations` ORDER BY `schema_migrations`.`version` ASC[0m
  ↳ bin/rails:9
  [1m[35m (0.3ms)[0m  [1m[35mSET  @@SESSION.sql_mode = CONCAT(CONCAT(@@sql_mode, ',STRICT_ALL_TABLES'), ',NO_AUTO_VALUE_ON_ZERO'),  @@SESSION.sql_auto_is_null = 0, @@SESSION.wait_timeout = 2147483[0m
  ↳ bin/rails:9
  [1m[35m (0.1ms)[0m  [1m[34mSELECT GET_LOCK('6208616017581808005', 0)[0m
  ↳ bin/rails:9
  [1m[35m (0.4ms)[0m  [1m[34mSELECT `schema_migrations`.`version` FROM `schema_migrations` ORDER BY `schema_migrations`.`version` ASC[0m
  ↳ bin/rails:9
Migrating to AddPostIdToComments (20200325181929)
  [1m[35m (92.8ms)[0m  [1m[35mALTER TABLE `posts` ADD `comment_id` bigint[0m
  ↳ db/migrate/20200325181929_add_post_id_to_comments.rb:3
  [1m[35m (199.2ms)[0m  [1m[35mCREATE  INDEX `index_posts_on_comment_id`  ON `posts` (`comment_id`) [0m
  ↳ db/migrate/20200325181929_add_post_id_to_comments.rb:3
  [1m[35m (953.1ms)[0m  [1m[35mALTER TABLE `posts` ADD CONSTRAINT `fk_rails_69e5372659`
FOREIGN KEY (`comment_id`)
  REFERENCES `comments` (`id`)
[0m
  ↳ db/migrate/20200325181929_add_post_id_to_comments.rb:3
  [1m[35m (0.4ms)[0m  [1m[35mBEGIN[0m
  ↳ bin/rails:9
  [1m[36mActiveRecord::SchemaMigration Create (0.9ms)[0m  [1m[32mINSERT INTO `schema_migrations` (`version`) VALUES ('20200325181929')[0m
  ↳ bin/rails:9
  [1m[35m (61.5ms)[0m  [1m[35mCOMMIT[0m
  ↳ bin/rails:9
Migrating to AddUserIdToComments (20200325181952)
  [1m[35m (133.6ms)[0m  [1m[35mALTER TABLE `users` ADD `comment_id` bigint[0m
  ↳ db/migrate/20200325181952_add_user_id_to_comments.rb:3
  [1m[35m (343.4ms)[0m  [1m[35mCREATE  INDEX `index_users_on_comment_id`  ON `users` (`comment_id`) [0m
  ↳ db/migrate/20200325181952_add_user_id_to_comments.rb:3
  [1m[35m (863.4ms)[0m  [1m[35mALTER TABLE `users` ADD CONSTRAINT `fk_rails_66daf5d968`
FOREIGN KEY (`comment_id`)
  REFERENCES `comments` (`id`)
[0m
  ↳ db/migrate/20200325181952_add_user_id_to_comments.rb:3
  [1m[35m (0.5ms)[0m  [1m[35mBEGIN[0m
  ↳ bin/rails:9
  [1m[36mActiveRecord::SchemaMigration Create (1.0ms)[0m  [1m[32mINSERT INTO `schema_migrations` (`version`) VALUES ('20200325181952')[0m
  ↳ bin/rails:9
  [1m[35m (50.0ms)[0m  [1m[35mCOMMIT[0m
  ↳ bin/rails:9
Migrating to AddUserIdToPosts (20200325182044)
  [1m[35m (65.2ms)[0m  [1m[35mALTER TABLE `users` ADD `post_id` bigint[0m
  ↳ db/migrate/20200325182044_add_user_id_to_posts.rb:3
  [1m[35m (199.1ms)[0m  [1m[35mCREATE  INDEX `index_users_on_post_id`  ON `users` (`post_id`) [0m
  ↳ db/migrate/20200325182044_add_user_id_to_posts.rb:3
  [1m[35m (974.6ms)[0m  [1m[35mALTER TABLE `users` ADD CONSTRAINT `fk_rails_dc3b405a53`
FOREIGN KEY (`post_id`)
  REFERENCES `posts` (`id`)
[0m
  ↳ db/migrate/20200325182044_add_user_id_to_posts.rb:3
  [1m[35m (0.4ms)[0m  [1m[35mBEGIN[0m
  ↳ bin/rails:9
  [1m[36mActiveRecord::SchemaMigration Create (0.7ms)[0m  [1m[32mINSERT INTO `schema_migrations` (`version`) VALUES ('20200325182044')[0m
  ↳ bin/rails:9
  [1m[35m (41.2ms)[0m  [1m[35mCOMMIT[0m
  ↳ bin/rails:9
  [1m[36mActiveRecord::InternalMetadata Load (0.9ms)[0m  [1m[34mSELECT  `ar_internal_metadata`.* FROM `ar_internal_metadata` WHERE `ar_internal_metadata`.`key` = 'environment' LIMIT 1[0m
  ↳ bin/rails:9
  [1m[35m (0.3ms)[0m  [1m[35mBEGIN[0m
  ↳ bin/rails:9
  [1m[35m (0.2ms)[0m  [1m[35mCOMMIT[0m
  ↳ bin/rails:9
  [1m[35m (0.3ms)[0m  [1m[34mSELECT RELEASE_LOCK('6208616017581808005')[0m
  ↳ bin/rails:9
  [1m[35m (0.6ms)[0m  [1m[34mSELECT `schema_migrations`.`version` FROM `schema_migrations` ORDER BY `schema_migrations`.`version` ASC[0m
  ↳ bin/rails:9
  [1m[35m (0.3ms)[0m  [1m[35mSET  @@SESSION.sql_mode = CONCAT(CONCAT(@@sql_mode, ',STRICT_ALL_TABLES'), ',NO_AUTO_VALUE_ON_ZERO'),  @@SESSION.sql_auto_is_null = 0, @@SESSION.wait_timeout = 2147483[0m
  ↳ /home/noura/.rvm/gems/ruby-2.6.3/bin/rake:23
  [1m[35m (0.3ms)[0m  [1m[34mSELECT `schema_migrations`.`version` FROM `schema_migrations` ORDER BY `schema_migrations`.`version` ASC[0m
  ↳ /home/noura/.rvm/gems/ruby-2.6.3/bin/rake:23
  [1m[35m (0.3ms)[0m  [1m[34mSELECT `schema_migrations`.`version` FROM `schema_migrations` ORDER BY `schema_migrations`.`version` ASC[0m
  ↳ /home/noura/.rvm/gems/ruby-2.6.3/bin/rake:23
  [1m[35m (0.4ms)[0m  [1m[34mSELECT `schema_migrations`.`version` FROM `schema_migrations` ORDER BY `schema_migrations`.`version` ASC[0m
  ↳ /home/noura/.rvm/gems/ruby-2.6.3/bin/rake:23
  [1m[35m (0.2ms)[0m  [1m[34mSELECT GET_LOCK('6208616017581808005', 0)[0m
  ↳ /home/noura/.rvm/gems/ruby-2.6.3/bin/rake:23
  [1m[35m (0.4ms)[0m  [1m[34mSELECT `schema_migrations`.`version` FROM `schema_migrations` ORDER BY `schema_migrations`.`version` ASC[0m
  ↳ /home/noura/.rvm/gems/ruby-2.6.3/bin/rake:23
Migrating to AddUserIdToPosts (20200325182044)
  [1m[35m (102.2ms)[0m  [1m[35mALTER TABLE `users` DROP FOREIGN KEY fk_rails_dc3b405a53[0m
  ↳ /home/noura/.rvm/gems/ruby-2.6.3/bin/rake:23
  [1m[35m (179.1ms)[0m  [1m[35mALTER TABLE `users` DROP COLUMN `post_id`[0m
  ↳ /home/noura/.rvm/gems/ruby-2.6.3/bin/rake:23
  [1m[36mActiveRecord::SchemaMigration Destroy (87.2ms)[0m  [1m[31mDELETE FROM `schema_migrations` WHERE `schema_migrations`.`version` = '20200325182044'[0m
  ↳ /home/noura/.rvm/gems/ruby-2.6.3/bin/rake:23
  [1m[35m (0.5ms)[0m  [1m[34mSELECT RELEASE_LOCK('6208616017581808005')[0m
  ↳ /home/noura/.rvm/gems/ruby-2.6.3/bin/rake:23
  [1m[35m (0.8ms)[0m  [1m[34mSELECT `schema_migrations`.`version` FROM `schema_migrations` ORDER BY `schema_migrations`.`version` ASC[0m
  ↳ /home/noura/.rvm/gems/ruby-2.6.3/bin/rake:23
  [1m[35m (0.4ms)[0m  [1m[35mSET  @@SESSION.sql_mode = CONCAT(CONCAT(@@sql_mode, ',STRICT_ALL_TABLES'), ',NO_AUTO_VALUE_ON_ZERO'),  @@SESSION.sql_auto_is_null = 0, @@SESSION.wait_timeout = 2147483[0m
  ↳ /home/noura/.rvm/gems/ruby-2.6.3/bin/rake:23
  [1m[35m (0.4ms)[0m  [1m[34mSELECT `schema_migrations`.`version` FROM `schema_migrations` ORDER BY `schema_migrations`.`version` ASC[0m
  ↳ /home/noura/.rvm/gems/ruby-2.6.3/bin/rake:23
  [1m[35m (0.3ms)[0m  [1m[34mSELECT `schema_migrations`.`version` FROM `schema_migrations` ORDER BY `schema_migrations`.`version` ASC[0m
  ↳ /home/noura/.rvm/gems/ruby-2.6.3/bin/rake:23
  [1m[35m (0.3ms)[0m  [1m[34mSELECT `schema_migrations`.`version` FROM `schema_migrations` ORDER BY `schema_migrations`.`version` ASC[0m
  ↳ /home/noura/.rvm/gems/ruby-2.6.3/bin/rake:23
  [1m[35m (0.1ms)[0m  [1m[34mSELECT GET_LOCK('6208616017581808005', 0)[0m
  ↳ /home/noura/.rvm/gems/ruby-2.6.3/bin/rake:23
  [1m[35m (0.3ms)[0m  [1m[34mSELECT `schema_migrations`.`version` FROM `schema_migrations` ORDER BY `schema_migrations`.`version` ASC[0m
  ↳ /home/noura/.rvm/gems/ruby-2.6.3/bin/rake:23
Migrating to AddUserIdToComments (20200325181952)
  [1m[35m (133.1ms)[0m  [1m[35mALTER TABLE `users` DROP FOREIGN KEY fk_rails_66daf5d968[0m
  ↳ /home/noura/.rvm/gems/ruby-2.6.3/bin/rake:23
  [1m[35m (309.5ms)[0m  [1m[35mALTER TABLE `users` DROP COLUMN `comment_id`[0m
  ↳ /home/noura/.rvm/gems/ruby-2.6.3/bin/rake:23
  [1m[36mActiveRecord::SchemaMigration Destroy (40.2ms)[0m  [1m[31mDELETE FROM `schema_migrations` WHERE `schema_migrations`.`version` = '20200325181952'[0m
  ↳ /home/noura/.rvm/gems/ruby-2.6.3/bin/rake:23
  [1m[35m (0.7ms)[0m  [1m[34mSELECT RELEASE_LOCK('6208616017581808005')[0m
  ↳ /home/noura/.rvm/gems/ruby-2.6.3/bin/rake:23
  [1m[35m (0.7ms)[0m  [1m[34mSELECT `schema_migrations`.`version` FROM `schema_migrations` ORDER BY `schema_migrations`.`version` ASC[0m
  ↳ /home/noura/.rvm/gems/ruby-2.6.3/bin/rake:23
  [1m[35m (0.3ms)[0m  [1m[35mSET  @@SESSION.sql_mode = CONCAT(CONCAT(@@sql_mode, ',STRICT_ALL_TABLES'), ',NO_AUTO_VALUE_ON_ZERO'),  @@SESSION.sql_auto_is_null = 0, @@SESSION.wait_timeout = 2147483[0m
  ↳ /home/noura/.rvm/gems/ruby-2.6.3/bin/rake:23
  [1m[35m (0.4ms)[0m  [1m[34mSELECT `schema_migrations`.`version` FROM `schema_migrations` ORDER BY `schema_migrations`.`version` ASC[0m
  ↳ /home/noura/.rvm/gems/ruby-2.6.3/bin/rake:23
  [1m[35m (0.3ms)[0m  [1m[34mSELECT `schema_migrations`.`version` FROM `schema_migrations` ORDER BY `schema_migrations`.`version` ASC[0m
  ↳ /home/noura/.rvm/gems/ruby-2.6.3/bin/rake:23
  [1m[35m (0.3ms)[0m  [1m[34mSELECT `schema_migrations`.`version` FROM `schema_migrations` ORDER BY `schema_migrations`.`version` ASC[0m
  ↳ /home/noura/.rvm/gems/ruby-2.6.3/bin/rake:23
  [1m[35m (0.1ms)[0m  [1m[34mSELECT GET_LOCK('6208616017581808005', 0)[0m
  ↳ /home/noura/.rvm/gems/ruby-2.6.3/bin/rake:23
  [1m[35m (0.3ms)[0m  [1m[34mSELECT `schema_migrations`.`version` FROM `schema_migrations` ORDER BY `schema_migrations`.`version` ASC[0m
  ↳ /home/noura/.rvm/gems/ruby-2.6.3/bin/rake:23
Migrating to AddPostIdToComments (20200325181929)
  [1m[35m (233.9ms)[0m  [1m[35mALTER TABLE `posts` DROP FOREIGN KEY fk_rails_69e5372659[0m
  ↳ /home/noura/.rvm/gems/ruby-2.6.3/bin/rake:23
  [1m[35m (142.8ms)[0m  [1m[35mALTER TABLE `posts` DROP COLUMN `comment_id`[0m
  ↳ /home/noura/.rvm/gems/ruby-2.6.3/bin/rake:23
  [1m[36mActiveRecord::SchemaMigration Destroy (29.5ms)[0m  [1m[31mDELETE FROM `schema_migrations` WHERE `schema_migrations`.`version` = '20200325181929'[0m
  ↳ /home/noura/.rvm/gems/ruby-2.6.3/bin/rake:23
  [1m[35m (0.7ms)[0m  [1m[34mSELECT RELEASE_LOCK('6208616017581808005')[0m
  ↳ /home/noura/.rvm/gems/ruby-2.6.3/bin/rake:23
  [1m[35m (1.0ms)[0m  [1m[34mSELECT `schema_migrations`.`version` FROM `schema_migrations` ORDER BY `schema_migrations`.`version` ASC[0m
  ↳ /home/noura/.rvm/gems/ruby-2.6.3/bin/rake:23
  [1m[35m (0.4ms)[0m  [1m[35mSET  @@SESSION.sql_mode = CONCAT(CONCAT(@@sql_mode, ',STRICT_ALL_TABLES'), ',NO_AUTO_VALUE_ON_ZERO'),  @@SESSION.sql_auto_is_null = 0, @@SESSION.wait_timeout = 2147483[0m
  ↳ bin/rails:9
  [1m[35m (0.1ms)[0m  [1m[34mSELECT GET_LOCK('6208616017581808005', 0)[0m
  ↳ bin/rails:9
  [1m[35m (0.4ms)[0m  [1m[34mSELECT `schema_migrations`.`version` FROM `schema_migrations` ORDER BY `schema_migrations`.`version` ASC[0m
  ↳ bin/rails:9
Migrating to AddPostIdToComments (20200325181929)
  [1m[35m (100.5ms)[0m  [1m[35mALTER TABLE `comments` ADD `post_id` bigint[0m
  ↳ db/migrate/20200325181929_add_post_id_to_comments.rb:3
  [1m[35m (233.3ms)[0m  [1m[35mCREATE  INDEX `index_comments_on_post_id`  ON `comments` (`post_id`) [0m
  ↳ db/migrate/20200325181929_add_post_id_to_comments.rb:3
  [1m[35m (1441.1ms)[0m  [1m[35mALTER TABLE `comments` ADD CONSTRAINT `fk_rails_2fd19c0db7`
FOREIGN KEY (`post_id`)
  REFERENCES `posts` (`id`)
[0m
  ↳ db/migrate/20200325181929_add_post_id_to_comments.rb:3
  [1m[35m (0.5ms)[0m  [1m[35mBEGIN[0m
  ↳ bin/rails:9
  [1m[36mActiveRecord::SchemaMigration Create (1.1ms)[0m  [1m[32mINSERT INTO `schema_migrations` (`version`) VALUES ('20200325181929')[0m
  ↳ bin/rails:9
  [1m[35m (64.3ms)[0m  [1m[35mCOMMIT[0m
  ↳ bin/rails:9
Migrating to AddUserIdToComments (20200325181952)
  [1m[35m (121.5ms)[0m  [1m[35mALTER TABLE `comments` ADD `user_id` bigint[0m
  ↳ db/migrate/20200325181952_add_user_id_to_comments.rb:3
  [1m[35m (215.8ms)[0m  [1m[35mCREATE  INDEX `index_comments_on_user_id`  ON `comments` (`user_id`) [0m
  ↳ db/migrate/20200325181952_add_user_id_to_comments.rb:3
  [1m[35m (969.2ms)[0m  [1m[35mALTER TABLE `comments` ADD CONSTRAINT `fk_rails_03de2dc08c`
FOREIGN KEY (`user_id`)
  REFERENCES `users` (`id`)
[0m
  ↳ db/migrate/20200325181952_add_user_id_to_comments.rb:3
  [1m[35m (0.3ms)[0m  [1m[35mBEGIN[0m
  ↳ bin/rails:9
  [1m[36mActiveRecord::SchemaMigration Create (0.5ms)[0m  [1m[32mINSERT INTO `schema_migrations` (`version`) VALUES ('20200325181952')[0m
  ↳ bin/rails:9
  [1m[35m (31.0ms)[0m  [1m[35mCOMMIT[0m
  ↳ bin/rails:9
Migrating to AddUserIdToPosts (20200325182044)
  [1m[35m (166.7ms)[0m  [1m[35mALTER TABLE `posts` ADD `user_id` bigint[0m
  ↳ db/migrate/20200325182044_add_user_id_to_posts.rb:3
  [1m[35m (200.0ms)[0m  [1m[35mCREATE  INDEX `index_posts_on_user_id`  ON `posts` (`user_id`) [0m
  ↳ db/migrate/20200325182044_add_user_id_to_posts.rb:3
  [1m[35m (852.6ms)[0m  [1m[35mALTER TABLE `posts` ADD CONSTRAINT `fk_rails_5b5ddfd518`
FOREIGN KEY (`user_id`)
  REFERENCES `users` (`id`)
[0m
  ↳ db/migrate/20200325182044_add_user_id_to_posts.rb:3
  [1m[35m (0.7ms)[0m  [1m[35mBEGIN[0m
  ↳ bin/rails:9
  [1m[36mActiveRecord::SchemaMigration Create (1.0ms)[0m  [1m[32mINSERT INTO `schema_migrations` (`version`) VALUES ('20200325182044')[0m
  ↳ bin/rails:9
  [1m[35m (38.4ms)[0m  [1m[35mCOMMIT[0m
  ↳ bin/rails:9
  [1m[36mActiveRecord::InternalMetadata Load (1.0ms)[0m  [1m[34mSELECT  `ar_internal_metadata`.* FROM `ar_internal_metadata` WHERE `ar_internal_metadata`.`key` = 'environment' LIMIT 1[0m
  ↳ bin/rails:9
  [1m[35m (0.4ms)[0m  [1m[35mBEGIN[0m
  ↳ bin/rails:9
  [1m[35m (0.3ms)[0m  [1m[35mCOMMIT[0m
  ↳ bin/rails:9
  [1m[35m (0.4ms)[0m  [1m[34mSELECT RELEASE_LOCK('6208616017581808005')[0m
  ↳ bin/rails:9
  [1m[35m (0.8ms)[0m  [1m[34mSELECT `schema_migrations`.`version` FROM `schema_migrations` ORDER BY `schema_migrations`.`version` ASC[0m
  ↳ bin/rails:9
Started GET "/" for ::1 at 2020-03-25 20:39:17 +0200
  [1m[35m (0.3ms)[0m  [1m[35mSET  @@SESSION.sql_mode = CONCAT(CONCAT(@@sql_mode, ',STRICT_ALL_TABLES'), ',NO_AUTO_VALUE_ON_ZERO'),  @@SESSION.sql_auto_is_null = 0, @@SESSION.wait_timeout = 2147483[0m
  ↳ /home/noura/.rvm/gems/ruby-2.6.3/gems/activerecord-5.2.4.2/lib/active_record/log_subscriber.rb:98
  [1m[35m (0.5ms)[0m  [1m[34mSELECT `schema_migrations`.`version` FROM `schema_migrations` ORDER BY `schema_migrations`.`version` ASC[0m
  ↳ /home/noura/.rvm/gems/ruby-2.6.3/gems/activerecord-5.2.4.2/lib/active_record/log_subscriber.rb:98
Processing by Rails::WelcomeController#index as HTML
  Rendering /home/noura/.rvm/gems/ruby-2.6.3/gems/railties-5.2.4.2/lib/rails/templates/rails/welcome/index.html.erb
  Rendered /home/noura/.rvm/gems/ruby-2.6.3/gems/railties-5.2.4.2/lib/rails/templates/rails/welcome/index.html.erb (3.6ms)
Completed 200 OK in 67ms (Views: 57.7ms | ActiveRecord: 0.0ms)


Started GET "/posts" for ::1 at 2020-03-25 20:39:32 +0200
Processing by PostsController#index as HTML
  Rendering posts/index.html.erb within layouts/application
  [1m[36mPost Load (1.1ms)[0m  [1m[34mSELECT `posts`.* FROM `posts`[0m
  ↳ app/views/posts/index.html.erb:15
  Rendered posts/index.html.erb within layouts/application (7.5ms)
Completed 200 OK in 978ms (Views: 968.9ms | ActiveRecord: 3.2ms)


Started GET "/posts/new" for ::1 at 2020-03-25 20:39:40 +0200
Processing by PostsController#new as HTML
  Rendering posts/new.html.erb within layouts/application
  Rendered posts/_form.html.erb (72.8ms)
  Rendered posts/new.html.erb within layouts/application (74.9ms)
Completed 200 OK in 123ms (Views: 109.8ms | ActiveRecord: 1.3ms)


  [1m[35m (0.3ms)[0m  [1m[35mSET  @@SESSION.sql_mode = CONCAT(CONCAT(@@sql_mode, ',STRICT_ALL_TABLES'), ',NO_AUTO_VALUE_ON_ZERO'),  @@SESSION.sql_auto_is_null = 0, @@SESSION.wait_timeout = 2147483[0m
  ↳ bin/rails:9
  [1m[35m (0.2ms)[0m  [1m[34mSELECT GET_LOCK('6208616017581808005', 0)[0m
  ↳ bin/rails:9
  [1m[35m (0.4ms)[0m  [1m[34mSELECT `schema_migrations`.`version` FROM `schema_migrations` ORDER BY `schema_migrations`.`version` ASC[0m
  ↳ bin/rails:9
  [1m[36mActiveRecord::InternalMetadata Load (0.4ms)[0m  [1m[34mSELECT  `ar_internal_metadata`.* FROM `ar_internal_metadata` WHERE `ar_internal_metadata`.`key` = 'environment' LIMIT 1[0m
  ↳ bin/rails:9
  [1m[35m (0.2ms)[0m  [1m[35mBEGIN[0m
  ↳ bin/rails:9
  [1m[35m (0.2ms)[0m  [1m[35mCOMMIT[0m
  ↳ bin/rails:9
  [1m[35m (0.3ms)[0m  [1m[34mSELECT RELEASE_LOCK('6208616017581808005')[0m
  ↳ bin/rails:9
  [1m[35m (0.4ms)[0m  [1m[34mSELECT `schema_migrations`.`version` FROM `schema_migrations` ORDER BY `schema_migrations`.`version` ASC[0m
  ↳ bin/rails:9
Started GET "/posts/new" for ::1 at 2020-03-25 20:42:46 +0200
Processing by PostsController#new as HTML
  Rendering posts/new.html.erb within layouts/application
  Rendered posts/_form.html.erb (5.3ms)
  Rendered posts/new.html.erb within layouts/application (7.4ms)
Completed 200 OK in 822ms (Views: 796.8ms | ActiveRecord: 2.3ms)


Started GET "/posts" for ::1 at 2020-03-25 20:42:51 +0200
Processing by PostsController#index as HTML
  Rendering posts/index.html.erb within layouts/application
  [1m[36mPost Load (0.6ms)[0m  [1m[34mSELECT `posts`.* FROM `posts`[0m
  ↳ app/views/posts/index.html.erb:15
  Rendered posts/index.html.erb within layouts/application (2.4ms)
Completed 200 OK in 46ms (Views: 44.1ms | ActiveRecord: 0.6ms)


Started GET "/posts/new" for ::1 at 2020-03-25 20:42:53 +0200
Processing by PostsController#new as HTML
  Rendering posts/new.html.erb within layouts/application
  Rendered posts/_form.html.erb (7.2ms)
  Rendered posts/new.html.erb within layouts/application (10.0ms)
Completed 200 OK in 74ms (Views: 71.2ms | ActiveRecord: 0.0ms)


Started GET "/posts" for ::1 at 2020-03-25 20:42:57 +0200
Processing by PostsController#index as HTML
  Rendering posts/index.html.erb within layouts/application
  [1m[36mPost Load (1.0ms)[0m  [1m[34mSELECT `posts`.* FROM `posts`[0m
  ↳ app/views/posts/index.html.erb:15
  Rendered posts/index.html.erb within layouts/application (5.5ms)
Completed 200 OK in 77ms (Views: 73.6ms | ActiveRecord: 1.0ms)


Started GET "/posts/new" for ::1 at 2020-03-25 20:43:02 +0200
Processing by PostsController#new as HTML
  Rendering posts/new.html.erb within layouts/application
  Rendered posts/_form.html.erb (5.6ms)
  Rendered posts/new.html.erb within layouts/application (8.1ms)
Completed 200 OK in 74ms (Views: 71.6ms | ActiveRecord: 0.0ms)


Started GET "/posts/new" for ::1 at 2020-03-25 20:43:45 +0200
Processing by PostsController#new as HTML
  Rendering posts/new.html.erb within layouts/application
  Rendered posts/_form.html.erb (4.3ms)
  Rendered posts/new.html.erb within layouts/application (6.2ms)
Completed 200 OK in 58ms (Views: 56.6ms | ActiveRecord: 0.0ms)


Started GET "/" for ::1 at 2020-03-25 20:43:53 +0200
Processing by Rails::WelcomeController#index as HTML
  Rendering /home/noura/.rvm/gems/ruby-2.6.3/gems/railties-5.2.4.2/lib/rails/templates/rails/welcome/index.html.erb
  Rendered /home/noura/.rvm/gems/ruby-2.6.3/gems/railties-5.2.4.2/lib/rails/templates/rails/welcome/index.html.erb (14.6ms)
Completed 200 OK in 22ms (Views: 20.1ms | ActiveRecord: 0.0ms)


Started GET "/posts" for ::1 at 2020-03-25 20:46:41 +0200
Processing by PostsController#index as HTML
  Rendering posts/index.html.erb within layouts/application
  [1m[36mPost Load (0.8ms)[0m  [1m[34mSELECT `posts`.* FROM `posts`[0m
  ↳ app/views/posts/index.html.erb:15
  Rendered posts/index.html.erb within layouts/application (3.3ms)
Completed 200 OK in 74ms (Views: 72.1ms | ActiveRecord: 0.8ms)


Started GET "/" for ::1 at 2020-03-25 20:48:49 +0200
  
SyntaxError (/home/noura/blog/config/routes.rb:5: syntax error, unexpected ':', expecting end
  root to : "posts#index"
          ^
/home/noura/blog/config/routes.rb:7: syntax error, unexpected end, expecting end-of-input):
  
config/routes.rb:5: syntax error, unexpected ':', expecting end
config/routes.rb:7: syntax error, unexpected end, expecting end-of-input
  [1m[35m (0.3ms)[0m  [1m[35mSET  @@SESSION.sql_mode = CONCAT(CONCAT(@@sql_mode, ',STRICT_ALL_TABLES'), ',NO_AUTO_VALUE_ON_ZERO'),  @@SESSION.sql_auto_is_null = 0, @@SESSION.wait_timeout = 2147483[0m
  ↳ bin/rails:9
  [1m[35m (0.1ms)[0m  [1m[34mSELECT GET_LOCK('6208616017581808005', 0)[0m
  ↳ bin/rails:9
  [1m[35m (0.4ms)[0m  [1m[34mSELECT `schema_migrations`.`version` FROM `schema_migrations` ORDER BY `schema_migrations`.`version` ASC[0m
  ↳ bin/rails:9
  [1m[36mActiveRecord::InternalMetadata Load (0.4ms)[0m  [1m[34mSELECT  `ar_internal_metadata`.* FROM `ar_internal_metadata` WHERE `ar_internal_metadata`.`key` = 'environment' LIMIT 1[0m
  ↳ bin/rails:9
  [1m[35m (0.2ms)[0m  [1m[35mBEGIN[0m
  ↳ bin/rails:9
  [1m[35m (0.2ms)[0m  [1m[35mCOMMIT[0m
  ↳ bin/rails:9
  [1m[35m (0.2ms)[0m  [1m[34mSELECT RELEASE_LOCK('6208616017581808005')[0m
  ↳ bin/rails:9
  [1m[35m (0.3ms)[0m  [1m[34mSELECT `schema_migrations`.`version` FROM `schema_migrations` ORDER BY `schema_migrations`.`version` ASC[0m
  ↳ bin/rails:9
Started GET "/" for ::1 at 2020-03-25 20:57:03 +0200
  [1m[35m (0.3ms)[0m  [1m[35mSET  @@SESSION.sql_mode = CONCAT(CONCAT(@@sql_mode, ',STRICT_ALL_TABLES'), ',NO_AUTO_VALUE_ON_ZERO'),  @@SESSION.sql_auto_is_null = 0, @@SESSION.wait_timeout = 2147483[0m
  ↳ /home/noura/.rvm/gems/ruby-2.6.3/gems/activerecord-5.2.4.2/lib/active_record/log_subscriber.rb:98
  [1m[35m (0.7ms)[0m  [1m[34mSELECT `schema_migrations`.`version` FROM `schema_migrations` ORDER BY `schema_migrations`.`version` ASC[0m
  ↳ /home/noura/.rvm/gems/ruby-2.6.3/gems/activerecord-5.2.4.2/lib/active_record/log_subscriber.rb:98
Processing by Rails::WelcomeController#index as HTML
  Rendering /home/noura/.rvm/gems/ruby-2.6.3/gems/railties-5.2.4.2/lib/rails/templates/rails/welcome/index.html.erb
  Rendered /home/noura/.rvm/gems/ruby-2.6.3/gems/railties-5.2.4.2/lib/rails/templates/rails/welcome/index.html.erb (3.4ms)
Completed 200 OK in 14ms (Views: 5.5ms | ActiveRecord: 0.0ms)


Started GET "/rails/info/routes" for ::1 at 2020-03-25 21:01:25 +0200
Processing by Rails::InfoController#routes as HTML
  Rendering /home/noura/.rvm/gems/ruby-2.6.3/gems/railties-5.2.4.2/lib/rails/templates/rails/info/routes.html.erb within layouts/application
  Rendered collection of /home/noura/.rvm/gems/ruby-2.6.3/gems/actionpack-5.2.4.2/lib/action_dispatch/middleware/templates/routes/_route.html.erb [29 times] (366.1ms)
  Rendered /home/noura/.rvm/gems/ruby-2.6.3/gems/actionpack-5.2.4.2/lib/action_dispatch/middleware/templates/routes/_table.html.erb (17.9ms)
  Rendered /home/noura/.rvm/gems/ruby-2.6.3/gems/railties-5.2.4.2/lib/rails/templates/rails/info/routes.html.erb within layouts/application (432.1ms)
Completed 200 OK in 477ms (Views: 455.7ms | ActiveRecord: 0.0ms)


Started GET "/users" for ::1 at 2020-03-25 21:02:12 +0200
  
AbstractController::ActionNotFound (The action 'index' could not be found for UsersController):
  
actionpack (5.2.4.2) lib/abstract_controller/base.rb:129:in `process'
actionview (5.2.4.2) lib/action_view/rendering.rb:32:in `process'
actionpack (5.2.4.2) lib/action_controller/metal.rb:191:in `dispatch'
actionpack (5.2.4.2) lib/action_controller/metal.rb:252:in `dispatch'
actionpack (5.2.4.2) lib/action_dispatch/routing/route_set.rb:52:in `dispatch'
actionpack (5.2.4.2) lib/action_dispatch/routing/route_set.rb:34:in `serve'
actionpack (5.2.4.2) lib/action_dispatch/journey/router.rb:52:in `block in serve'
actionpack (5.2.4.2) lib/action_dispatch/journey/router.rb:35:in `each'
actionpack (5.2.4.2) lib/action_dispatch/journey/router.rb:35:in `serve'
actionpack (5.2.4.2) lib/action_dispatch/routing/route_set.rb:840:in `call'
rack (2.2.2) lib/rack/tempfile_reaper.rb:15:in `call'
rack (2.2.2) lib/rack/etag.rb:27:in `call'
rack (2.2.2) lib/rack/conditional_get.rb:27:in `call'
rack (2.2.2) lib/rack/head.rb:12:in `call'
actionpack (5.2.4.2) lib/action_dispatch/http/content_security_policy.rb:18:in `call'
rack (2.2.2) lib/rack/session/abstract/id.rb:266:in `context'
rack (2.2.2) lib/rack/session/abstract/id.rb:260:in `call'
actionpack (5.2.4.2) lib/action_dispatch/middleware/cookies.rb:670:in `call'
activerecord (5.2.4.2) lib/active_record/migration.rb:559:in `call'
actionpack (5.2.4.2) lib/action_dispatch/middleware/callbacks.rb:28:in `block in call'
activesupport (5.2.4.2) lib/active_support/callbacks.rb:98:in `run_callbacks'
actionpack (5.2.4.2) lib/action_dispatch/middleware/callbacks.rb:26:in `call'
actionpack (5.2.4.2) lib/action_dispatch/middleware/executor.rb:14:in `call'
actionpack (5.2.4.2) lib/action_dispatch/middleware/debug_exceptions.rb:61:in `call'
web-console (3.7.0) lib/web_console/middleware.rb:135:in `call_app'
web-console (3.7.0) lib/web_console/middleware.rb:30:in `block in call'
web-console (3.7.0) lib/web_console/middleware.rb:20:in `catch'
web-console (3.7.0) lib/web_console/middleware.rb:20:in `call'
actionpack (5.2.4.2) lib/action_dispatch/middleware/show_exceptions.rb:33:in `call'
railties (5.2.4.2) lib/rails/rack/logger.rb:38:in `call_app'
railties (5.2.4.2) lib/rails/rack/logger.rb:26:in `block in call'
activesupport (5.2.4.2) lib/active_support/tagged_logging.rb:71:in `block in tagged'
activesupport (5.2.4.2) lib/active_support/tagged_logging.rb:28:in `tagged'
activesupport (5.2.4.2) lib/active_support/tagged_logging.rb:71:in `tagged'
railties (5.2.4.2) lib/rails/rack/logger.rb:26:in `call'
sprockets-rails (3.2.1) lib/sprockets/rails/quiet_assets.rb:13:in `call'
actionpack (5.2.4.2) lib/action_dispatch/middleware/remote_ip.rb:81:in `call'
actionpack (5.2.4.2) lib/action_dispatch/middleware/request_id.rb:27:in `call'
rack (2.2.2) lib/rack/method_override.rb:24:in `call'
rack (2.2.2) lib/rack/runtime.rb:22:in `call'
activesupport (5.2.4.2) lib/active_support/cache/strategy/local_cache_middleware.rb:29:in `call'
actionpack (5.2.4.2) lib/action_dispatch/middleware/executor.rb:14:in `call'
actionpack (5.2.4.2) lib/action_dispatch/middleware/static.rb:127:in `call'
rack (2.2.2) lib/rack/sendfile.rb:110:in `call'
railties (5.2.4.2) lib/rails/engine.rb:524:in `call'
puma (3.12.4) lib/puma/configuration.rb:227:in `call'
puma (3.12.4) lib/puma/server.rb:675:in `handle_request'
puma (3.12.4) lib/puma/server.rb:476:in `process_client'
puma (3.12.4) lib/puma/server.rb:334:in `block in run'
puma (3.12.4) lib/puma/thread_pool.rb:135:in `block in spawn_thread'
Started GET "/rails/info/routes" for ::1 at 2020-03-25 21:04:54 +0200
Processing by Rails::InfoController#routes as HTML
  Rendering /home/noura/.rvm/gems/ruby-2.6.3/gems/railties-5.2.4.2/lib/rails/templates/rails/info/routes.html.erb within layouts/application
  Rendered collection of /home/noura/.rvm/gems/ruby-2.6.3/gems/actionpack-5.2.4.2/lib/action_dispatch/middleware/templates/routes/_route.html.erb [29 times] (15.0ms)
  Rendered /home/noura/.rvm/gems/ruby-2.6.3/gems/actionpack-5.2.4.2/lib/action_dispatch/middleware/templates/routes/_table.html.erb (1.2ms)
  Rendered /home/noura/.rvm/gems/ruby-2.6.3/gems/railties-5.2.4.2/lib/rails/templates/rails/info/routes.html.erb within layouts/application (20.6ms)
Completed 200 OK in 25ms (Views: 23.2ms | ActiveRecord: 0.0ms)


Started GET "/" for ::1 at 2020-03-25 21:05:03 +0200
Processing by Rails::WelcomeController#index as HTML
  Rendering /home/noura/.rvm/gems/ruby-2.6.3/gems/railties-5.2.4.2/lib/rails/templates/rails/welcome/index.html.erb
  Rendered /home/noura/.rvm/gems/ruby-2.6.3/gems/railties-5.2.4.2/lib/rails/templates/rails/welcome/index.html.erb (3.2ms)
Completed 200 OK in 6ms (Views: 4.4ms | ActiveRecord: 0.0ms)


Started GET "/" for ::1 at 2020-03-25 21:10:28 +0200
  [1m[35m (0.4ms)[0m  [1m[35mSET  @@SESSION.sql_mode = CONCAT(CONCAT(@@sql_mode, ',STRICT_ALL_TABLES'), ',NO_AUTO_VALUE_ON_ZERO'),  @@SESSION.sql_auto_is_null = 0, @@SESSION.wait_timeout = 2147483[0m
  ↳ /home/noura/.rvm/gems/ruby-2.6.3/gems/activerecord-5.2.4.2/lib/active_record/log_subscriber.rb:98
Processing by PostsController#index as HTML
  Rendering posts/index.html.erb within layouts/application
  [1m[36mPost Load (0.7ms)[0m  [1m[34mSELECT `posts`.* FROM `posts`[0m
  ↳ app/views/posts/index.html.erb:15
  Rendered posts/index.html.erb within layouts/application (4.2ms)
Completed 200 OK in 443ms (Views: 438.2ms | ActiveRecord: 1.5ms)


Started GET "/" for ::1 at 2020-03-25 21:11:21 +0200
Processing by PostsController#index as HTML
  Rendering posts/index.html.erb within layouts/application
  Rendered posts/index.html.erb within layouts/application (0.4ms)
Completed 200 OK in 55ms (Views: 53.1ms | ActiveRecord: 0.0ms)


Started GET "/posts" for ::1 at 2020-03-25 21:12:11 +0200
Processing by PostsController#index as HTML
  Rendering posts/index.html.erb within layouts/application
  Rendered posts/index.html.erb within layouts/application (0.6ms)
Completed 200 OK in 91ms (Views: 89.6ms | ActiveRecord: 0.0ms)


Started GET "/" for ::1 at 2020-03-25 21:14:15 +0200
Processing by PostsController#index as HTML
  Rendering posts/index.html.erb within layouts/application
  Rendered posts/index.html.erb within layouts/application (0.6ms)
Completed 200 OK in 91ms (Views: 89.9ms | ActiveRecord: 0.0ms)


Started GET "/posts/new" for ::1 at 2020-03-25 21:14:17 +0200
Processing by PostsController#new as HTML
  Rendering posts/new.html.erb within layouts/application
  Rendered posts/_form.html.erb (21.8ms)
  Rendered posts/new.html.erb within layouts/application (23.5ms)
Completed 200 OK in 128ms (Views: 76.3ms | ActiveRecord: 1.5ms)


Started GET "/posts" for ::1 at 2020-03-25 21:14:24 +0200
Processing by PostsController#index as HTML
  Rendering posts/index.html.erb within layouts/application
  Rendered posts/index.html.erb within layouts/application (0.7ms)
Completed 200 OK in 76ms (Views: 73.0ms | ActiveRecord: 0.0ms)


Started GET "/posts/new" for ::1 at 2020-03-25 21:14:25 +0200
Processing by PostsController#new as HTML
  Rendering posts/new.html.erb within layouts/application
  Rendered posts/_form.html.erb (9.7ms)
  Rendered posts/new.html.erb within layouts/application (14.6ms)
Completed 200 OK in 82ms (Views: 79.3ms | ActiveRecord: 0.0ms)


Started GET "/posts" for ::1 at 2020-03-25 21:14:26 +0200
Processing by PostsController#index as HTML
  Rendering posts/index.html.erb within layouts/application
  Rendered posts/index.html.erb within layouts/application (1.7ms)
Completed 200 OK in 102ms (Views: 96.3ms | ActiveRecord: 0.0ms)


Started GET "/posts/new" for ::1 at 2020-03-25 21:17:01 +0200
Processing by PostsController#new as HTML
  Rendering posts/new.html.erb within layouts/application
  Rendered posts/_form.html.erb (7.9ms)
  Rendered posts/new.html.erb within layouts/application (12.2ms)
Completed 200 OK in 69ms (Views: 66.6ms | ActiveRecord: 0.0ms)


Started GET "/posts/new" for ::1 at 2020-03-25 21:24:27 +0200
  [1m[35m (0.5ms)[0m  [1m[35mSET  @@SESSION.sql_mode = CONCAT(CONCAT(@@sql_mode, ',STRICT_ALL_TABLES'), ',NO_AUTO_VALUE_ON_ZERO'),  @@SESSION.sql_auto_is_null = 0, @@SESSION.wait_timeout = 2147483[0m
  ↳ /home/noura/.rvm/gems/ruby-2.6.3/gems/activerecord-5.2.4.2/lib/active_record/log_subscriber.rb:98
Processing by PostsController#new as HTML
  Rendering posts/new.html.erb within layouts/application
  Rendered posts/_form.html.erb (2.9ms)
  Rendered posts/new.html.erb within layouts/application (5.0ms)
Completed 500 Internal Server Error in 9ms (ActiveRecord: 0.0ms)


  
SyntaxError (/home/noura/blog/app/views/posts/_form.html.erb:16: syntax error, unexpected ',', expecting ')'
...=( form.text_field_tag (:title, nil, placeholder: "Title..."...
...                              ^
/home/noura/blog/app/views/posts/_form.html.erb:16: Can't assign to nil
...orm.text_field_tag (:title, nil, placeholder: "Title...", cl...
...                            ^~~
/home/noura/blog/app/views/posts/_form.html.erb:16: syntax error, unexpected ',', expecting ')'
..., nil, placeholder: "Title...", class:"form-control") );@out...
...                              ^
/home/noura/blog/app/views/posts/_form.html.erb:16: syntax error, unexpected ')', expecting end
...le...", class:"form-control") );@output_buffer.safe_append='
...                              ^
/home/noura/blog/app/views/posts/_form.html.erb:29: syntax error, unexpected ensure, expecting end-of-input
          ensure
          ^~~~~~):
  
app/views/posts/_form.html.erb:16: syntax error, unexpected ',', expecting ')'
app/views/posts/_form.html.erb:16: Can't assign to nil
app/views/posts/_form.html.erb:16: syntax error, unexpected ',', expecting ')'
app/views/posts/_form.html.erb:16: syntax error, unexpected ')', expecting end
app/views/posts/_form.html.erb:29: syntax error, unexpected ensure, expecting end-of-input
app/views/posts/new.html.erb:3:in `_app_views_posts_new_html_erb___3239267526938730663_70327616942920'
Started GET "/posts/new" for ::1 at 2020-03-25 21:25:26 +0200
Processing by PostsController#new as HTML
  Rendering posts/new.html.erb within layouts/application
  Rendered posts/_form.html.erb (1.0ms)
  Rendered posts/new.html.erb within layouts/application (2.3ms)
Completed 500 Internal Server Error in 6ms (ActiveRecord: 0.0ms)


  
SyntaxError (/home/noura/blog/app/views/posts/_form.html.erb:16: syntax error, unexpected ',', expecting ')'
...ppend=( text_field_tag (:title, nil, placeholder: "Title..."...
...                              ^
/home/noura/blog/app/views/posts/_form.html.erb:16: Can't assign to nil
...d=( text_field_tag (:title, nil, placeholder: "Title...", cl...
...                            ^~~
/home/noura/blog/app/views/posts/_form.html.erb:16: syntax error, unexpected ',', expecting ')'
..., nil, placeholder: "Title...", class:"form-control") );@out...
...                              ^
/home/noura/blog/app/views/posts/_form.html.erb:16: syntax error, unexpected ')', expecting end
...le...", class:"form-control") );@output_buffer.safe_append='
...                              ^
/home/noura/blog/app/views/posts/_form.html.erb:29: syntax error, unexpected ensure, expecting end-of-input
          ensure
          ^~~~~~):
  
app/views/posts/_form.html.erb:16: syntax error, unexpected ',', expecting ')'
app/views/posts/_form.html.erb:16: Can't assign to nil
app/views/posts/_form.html.erb:16: syntax error, unexpected ',', expecting ')'
app/views/posts/_form.html.erb:16: syntax error, unexpected ')', expecting end
app/views/posts/_form.html.erb:29: syntax error, unexpected ensure, expecting end-of-input
app/views/posts/new.html.erb:3:in `_app_views_posts_new_html_erb___3239267526938730663_70327609110700'
Started GET "/posts/new" for ::1 at 2020-03-25 21:26:09 +0200
Processing by PostsController#new as HTML
  Rendering posts/new.html.erb within layouts/application
  Rendered posts/_form.html.erb (1.8ms)
  Rendered posts/new.html.erb within layouts/application (3.5ms)
Completed 500 Internal Server Error in 8ms (ActiveRecord: 0.0ms)


  
SyntaxError (/home/noura/blog/app/views/posts/_form.html.erb:16: syntax error, unexpected ',', expecting ')'
...pend=( form.text_field (:title, nil, placeholder: "Title..."...
...                              ^
/home/noura/blog/app/views/posts/_form.html.erb:16: Can't assign to nil
...=( form.text_field (:title, nil, placeholder: "Title...", cl...
...                            ^~~
/home/noura/blog/app/views/posts/_form.html.erb:16: syntax error, unexpected ',', expecting ')'
..., nil, placeholder: "Title...", class:"form-control") );@out...
...                              ^
/home/noura/blog/app/views/posts/_form.html.erb:16: syntax error, unexpected ')', expecting end
...le...", class:"form-control") );@output_buffer.safe_append='
...                              ^
/home/noura/blog/app/views/posts/_form.html.erb:29: syntax error, unexpected ensure, expecting end-of-input
          ensure
          ^~~~~~):
  
app/views/posts/_form.html.erb:16: syntax error, unexpected ',', expecting ')'
app/views/posts/_form.html.erb:16: Can't assign to nil
app/views/posts/_form.html.erb:16: syntax error, unexpected ',', expecting ')'
app/views/posts/_form.html.erb:16: syntax error, unexpected ')', expecting end
app/views/posts/_form.html.erb:29: syntax error, unexpected ensure, expecting end-of-input
app/views/posts/new.html.erb:3:in `_app_views_posts_new_html_erb___3239267526938730663_70327620393000'
Started GET "/posts/new" for ::1 at 2020-03-25 21:27:00 +0200
Processing by PostsController#new as HTML
  Rendering posts/new.html.erb within layouts/application
  Rendered posts/_form.html.erb (1.3ms)
  Rendered posts/new.html.erb within layouts/application (2.9ms)
Completed 500 Internal Server Error in 7ms (ActiveRecord: 0.0ms)


  
SyntaxError (/home/noura/blog/app/views/posts/_form.html.erb:16: syntax error, unexpected tIDENTIFIER, expecting ')'
...m.text_field :title placeholder:"jskjld..." );@output_buffer...
...                    ^~~~~~~~~~~):
  
app/views/posts/_form.html.erb:16: syntax error, unexpected tIDENTIFIER, expecting ')'
app/views/posts/new.html.erb:3:in `_app_views_posts_new_html_erb___3239267526938730663_70327616047960'
Started GET "/posts/new" for ::1 at 2020-03-25 21:27:37 +0200
Processing by PostsController#new as HTML
  Rendering posts/new.html.erb within layouts/application
  Rendered posts/_form.html.erb (1.9ms)
  Rendered posts/new.html.erb within layouts/application (2.9ms)
Completed 200 OK in 52ms (Views: 51.0ms | ActiveRecord: 0.0ms)


Started GET "/posts/new" for ::1 at 2020-03-25 21:28:46 +0200
Processing by PostsController#new as HTML
  Rendering posts/new.html.erb within layouts/application
  Rendered posts/_form.html.erb (3.5ms)
  Rendered posts/new.html.erb within layouts/application (5.3ms)
Completed 200 OK in 66ms (Views: 64.7ms | ActiveRecord: 0.0ms)


Started GET "/posts/new" for ::1 at 2020-03-25 21:30:50 +0200
Processing by PostsController#new as HTML
  Rendering posts/new.html.erb within layouts/application
  Rendered posts/_form.html.erb (21.4ms)
  Rendered posts/new.html.erb within layouts/application (22.9ms)
Completed 200 OK in 60ms (Views: 58.7ms | ActiveRecord: 0.0ms)


Started GET "/posts/new" for ::1 at 2020-03-25 21:31:27 +0200
Processing by PostsController#new as HTML
  Rendering posts/new.html.erb within layouts/application
  Rendered posts/_form.html.erb (2.1ms)
  Rendered posts/new.html.erb within layouts/application (3.0ms)
Completed 200 OK in 57ms (Views: 55.2ms | ActiveRecord: 0.0ms)


Started GET "/posts/new" for ::1 at 2020-03-25 21:34:39 +0200
Processing by PostsController#new as HTML
  Rendering posts/new.html.erb within layouts/application
  Rendered posts/_form.html.erb (1.4ms)
  Rendered posts/new.html.erb within layouts/application (3.3ms)
Completed 500 Internal Server Error in 8ms (ActiveRecord: 0.0ms)


  
SyntaxError (/home/noura/blog/app/views/posts/_form.html.erb:26: syntax error, unexpected tCONSTANT, expecting ')'
....append=( f.submit :Create Post, class:"btn btn-success btn-...
...                           ^~~~
/home/noura/blog/app/views/posts/_form.html.erb:26: dynamic constant assignment
....append=( f.submit :Create Post, class:"btn btn-success btn-...
...                           ^~~~):
  
app/views/posts/_form.html.erb:26: syntax error, unexpected tCONSTANT, expecting ')'
app/views/posts/_form.html.erb:26: dynamic constant assignment
app/views/posts/new.html.erb:3:in `_app_views_posts_new_html_erb___3239267526938730663_70327611972280'
Started GET "/posts/new" for ::1 at 2020-03-25 21:35:14 +0200
Processing by PostsController#new as HTML
  Rendering posts/new.html.erb within layouts/application
  Rendered posts/_form.html.erb (4.1ms)
  Rendered posts/new.html.erb within layouts/application (5.7ms)
Completed 500 Internal Server Error in 13ms (ActiveRecord: 0.0ms)


  
SyntaxError (/home/noura/blog/app/views/posts/_form.html.erb:25: syntax error, unexpected tLABEL, expecting '='
...er.append=( form.submit ,class:"btn btn-success btn-block" )...
...                         ^~~~~~):
  
app/views/posts/_form.html.erb:25: syntax error, unexpected tLABEL, expecting '='
app/views/posts/new.html.erb:3:in `_app_views_posts_new_html_erb___3239267526938730663_70327618011980'
Started GET "/posts/new" for ::1 at 2020-03-25 21:36:23 +0200
Processing by PostsController#new as HTML
  Rendering posts/new.html.erb within layouts/application
  Rendered posts/_form.html.erb (332.9ms)
  Rendered posts/new.html.erb within layouts/application (334.1ms)
Completed 500 Internal Server Error in 337ms (ActiveRecord: 0.0ms)


  
ActionView::Template::Error (undefined local variable or method `f' for #<#<Class:0x0000000003f19e30>:0x00007fecd90ae650>):
    23: 
    24:   <div class="actions">
    25:     <%= form.submit %>
    26:     <%= f.submit :Submit, class: 'btn btn-success'%>
    27:   </div>
    28: <% end %>
  
app/views/posts/_form.html.erb:26:in `block in _app_views_posts__form_html_erb___134989946765619033_70327615257080'
app/views/posts/_form.html.erb:1:in `_app_views_posts__form_html_erb___134989946765619033_70327615257080'
app/views/posts/new.html.erb:3:in `_app_views_posts_new_html_erb___3239267526938730663_70327615192500'
Started GET "/posts/new" for ::1 at 2020-03-25 21:37:02 +0200
Processing by PostsController#new as HTML
  Rendering posts/new.html.erb within layouts/application
  Rendered posts/_form.html.erb (8.0ms)
  Rendered posts/new.html.erb within layouts/application (10.0ms)
Completed 200 OK in 122ms (Views: 119.0ms | ActiveRecord: 0.0ms)


Started GET "/posts/new" for ::1 at 2020-03-25 21:37:17 +0200
Processing by PostsController#new as HTML
  Rendering posts/new.html.erb within layouts/application
  Rendered posts/_form.html.erb (2.0ms)
  Rendered posts/new.html.erb within layouts/application (3.0ms)
Completed 200 OK in 54ms (Views: 52.9ms | ActiveRecord: 0.0ms)


Started GET "/posts" for ::1 at 2020-03-25 21:37:20 +0200
Processing by PostsController#index as HTML
  Rendering posts/index.html.erb within layouts/application
  Rendered posts/index.html.erb within layouts/application (0.9ms)
Completed 200 OK in 60ms (Views: 57.6ms | ActiveRecord: 0.0ms)


Started GET "/posts/new" for ::1 at 2020-03-25 21:37:26 +0200
Processing by PostsController#new as HTML
  Rendering posts/new.html.erb within layouts/application
  Rendered posts/_form.html.erb (5.1ms)
  Rendered posts/new.html.erb within layouts/application (7.5ms)
Completed 200 OK in 83ms (Views: 80.9ms | ActiveRecord: 0.0ms)


Started GET "/posts/new" for ::1 at 2020-03-25 21:37:52 +0200
Processing by PostsController#new as HTML
  Rendering posts/new.html.erb within layouts/application
  Rendered posts/_form.html.erb (2.6ms)
  Rendered posts/new.html.erb within layouts/application (4.1ms)
Completed 200 OK in 55ms (Views: 53.2ms | ActiveRecord: 0.0ms)


Started GET "/posts/new" for ::1 at 2020-03-25 21:37:53 +0200
Processing by PostsController#new as HTML
  Rendering posts/new.html.erb within layouts/application
  Rendered posts/_form.html.erb (3.1ms)
  Rendered posts/new.html.erb within layouts/application (6.3ms)
Completed 200 OK in 61ms (Views: 59.8ms | ActiveRecord: 0.0ms)


Started GET "/posts/new" for ::1 at 2020-03-25 21:37:53 +0200
Processing by PostsController#new as HTML
  Rendering posts/new.html.erb within layouts/application
  Rendered posts/_form.html.erb (2.0ms)
  Rendered posts/new.html.erb within layouts/application (3.1ms)
Completed 200 OK in 49ms (Views: 47.8ms | ActiveRecord: 0.0ms)


Started GET "/posts/new" for ::1 at 2020-03-25 21:37:54 +0200
Processing by PostsController#new as HTML
  Rendering posts/new.html.erb within layouts/application
  Rendered posts/_form.html.erb (3.3ms)
  Rendered posts/new.html.erb within layouts/application (4.8ms)
Completed 200 OK in 42ms (Views: 41.2ms | ActiveRecord: 0.0ms)


Started GET "/posts/new" for ::1 at 2020-03-25 21:38:13 +0200
Processing by PostsController#new as HTML
  Rendering posts/new.html.erb within layouts/application
  Rendered posts/_form.html.erb (6.3ms)
  Rendered posts/new.html.erb within layouts/application (8.8ms)
Completed 200 OK in 63ms (Views: 60.9ms | ActiveRecord: 0.0ms)


Started GET "/posts/new" for ::1 at 2020-03-25 21:38:14 +0200
Processing by PostsController#new as HTML
  Rendering posts/new.html.erb within layouts/application
  Rendered posts/_form.html.erb (1.9ms)
  Rendered posts/new.html.erb within layouts/application (2.9ms)
Completed 200 OK in 45ms (Views: 44.1ms | ActiveRecord: 0.0ms)


Started GET "/posts/new" for ::1 at 2020-03-25 21:38:15 +0200
Processing by PostsController#new as HTML
  Rendering posts/new.html.erb within layouts/application
  Rendered posts/_form.html.erb (2.8ms)
  Rendered posts/new.html.erb within layouts/application (4.2ms)
Completed 200 OK in 48ms (Views: 47.2ms | ActiveRecord: 0.0ms)


Started GET "/posts/new" for ::1 at 2020-03-25 21:38:15 +0200
Processing by PostsController#new as HTML
  Rendering posts/new.html.erb within layouts/application
  Rendered posts/_form.html.erb (1.9ms)
  Rendered posts/new.html.erb within layouts/application (2.9ms)
Completed 200 OK in 39ms (Views: 38.1ms | ActiveRecord: 0.0ms)


Started GET "/posts/new" for ::1 at 2020-03-25 21:38:55 +0200
Processing by PostsController#new as HTML
  Rendering posts/new.html.erb within layouts/application
  Rendered posts/_form.html.erb (4.2ms)
  Rendered posts/new.html.erb within layouts/application (6.3ms)
Completed 200 OK in 67ms (Views: 65.7ms | ActiveRecord: 0.0ms)


Started GET "/posts/new" for ::1 at 2020-03-25 21:39:15 +0200
Processing by PostsController#new as HTML
  Rendering posts/new.html.erb within layouts/application
  Rendered posts/_form.html.erb (2.3ms)
  Rendered posts/new.html.erb within layouts/application (3.7ms)
Completed 200 OK in 48ms (Views: 46.5ms | ActiveRecord: 0.0ms)


Started GET "/posts/new" for ::1 at 2020-03-25 21:39:41 +0200
Processing by PostsController#new as HTML
  Rendering posts/new.html.erb within layouts/application
  Rendered posts/_form.html.erb (3.6ms)
  Rendered posts/new.html.erb within layouts/application (5.9ms)
Completed 200 OK in 88ms (Views: 85.3ms | ActiveRecord: 0.0ms)


Started GET "/posts" for ::1 at 2020-03-25 21:39:42 +0200
Processing by PostsController#index as HTML
  Rendering posts/index.html.erb within layouts/application
  Rendered posts/index.html.erb within layouts/application (0.6ms)
Completed 200 OK in 56ms (Views: 53.4ms | ActiveRecord: 0.0ms)


